  MyForm.cpp
C:\BTL_MYSQL\cppstudentdatabase\cppstudentdatabase\MyForm.h(1803,34): warning C4566: character represented by universal-character-name '\u0110' cannot be represented in the current code page (1252)
C:\BTL_MYSQL\cppstudentdatabase\cppstudentdatabase\MyForm.h(1926,33): warning C4244: '=': conversion from 'double' to 'float', possible loss of data
C:\BTL_MYSQL\cppstudentdatabase\cppstudentdatabase\MyForm.h(1927,33): warning C4244: '=': conversion from 'double' to 'float', possible loss of data
C:\BTL_MYSQL\cppstudentdatabase\cppstudentdatabase\MyForm.h(1928,33): warning C4244: '=': conversion from 'double' to 'float', possible loss of data
C:\BTL_MYSQL\cppstudentdatabase\cppstudentdatabase\MyForm.h(1929,33): warning C4244: '=': conversion from 'double' to 'float', possible loss of data
C:\BTL_MYSQL\cppstudentdatabase\cppstudentdatabase\MyForm.h(1930,33): warning C4244: '=': conversion from 'double' to 'float', possible loss of data
C:\BTL_MYSQL\cppstudentdatabase\cppstudentdatabase\MyForm.h(1931,33): warning C4244: '=': conversion from 'double' to 'float', possible loss of data
C:\BTL_MYSQL\cppstudentdatabase\cppstudentdatabase\MyForm.h(1932,33): warning C4244: '=': conversion from 'double' to 'float', possible loss of data
C:\BTL_MYSQL\cppstudentdatabase\cppstudentdatabase\MyForm.h(1933,33): warning C4244: '=': conversion from 'double' to 'float', possible loss of data
C:\BTL_MYSQL\cppstudentdatabase\cppstudentdatabase\MyForm.h(1974,1): warning C4305: '=': truncation from 'double' to 'float'
C:\BTL_MYSQL\cppstudentdatabase\cppstudentdatabase\Register.h(404,20): warning C4101: 'ex': unreferenced local variable
C:\BTL_MYSQL\cppstudentdatabase\cppstudentdatabase\LOP.h(458,20): warning C4101: 'ex': unreferenced local variable
C:\BTL_MYSQL\cppstudentdatabase\cppstudentdatabase\KHOA.h(360,20): warning C4101: 'ex': unreferenced local variable
C:\BTL_MYSQL\cppstudentdatabase\cppstudentdatabase\GIANGVIEN.h(476,20): warning C4101: 'ex': unreferenced local variable
C:\BTL_MYSQL\cppstudentdatabase\cppstudentdatabase\MONHOC.h(487,20): warning C4101: 'ex': unreferenced local variable
C:\BTL_MYSQL\cppstudentdatabase\cppstudentdatabase\QLDIEM.h(710,20): warning C4101: 'ex': unreferenced local variable
C:\BTL_MYSQL\cppstudentdatabase\cppstudentdatabase\QLDIEM.h(738,20): warning C4101: 'ex': unreferenced local variable
C:\BTL_MYSQL\cppstudentdatabase\cppstudentdatabase\QLDIEM.h(774,25): warning C4244: '=': conversion from 'double' to 'float', possible loss of data
C:\BTL_MYSQL\cppstudentdatabase\cppstudentdatabase\QLDIEM.h(775,25): warning C4244: '=': conversion from 'double' to 'float', possible loss of data
C:\BTL_MYSQL\cppstudentdatabase\cppstudentdatabase\QLDIEM.h(777,17): warning C4244: '=': conversion from 'double' to 'float', possible loss of data
C:\BTL_MYSQL\cppstudentdatabase\cppstudentdatabase\QLDIEM.h(785,1): warning C4305: '=': truncation from 'double' to 'float'
C:\BTL_MYSQL\cppstudentdatabase\cppstudentdatabase\QLDIEM.h(871,20): warning C4101: 'ex': unreferenced local variable
C:\BTL_MYSQL\cppstudentdatabase\cppstudentdatabase\QLDIEM.h(897,14): warning C4553: '==': result of expression not used; did you intend '='?
C:\BTL_MYSQL\cppstudentdatabase\cppstudentdatabase\QLDIEM.h(898,14): warning C4553: '==': result of expression not used; did you intend '='?
C:\BTL_MYSQL\cppstudentdatabase\cppstudentdatabase\QuanTTSV.h(686,20): warning C4101: 'ex': unreferenced local variable
C:\BTL_MYSQL\cppstudentdatabase\cppstudentdatabase\TiemDiemSV.h(408,14): warning C4553: '==': result of expression not used; did you intend '='?
C:\BTL_MYSQL\cppstudentdatabase\cppstudentdatabase\TiemDiemSV.h(409,14): warning C4553: '==': result of expression not used; did you intend '='?
C:\BTL_MYSQL\cppstudentdatabase\cppstudentdatabase\DSTHILAI.h(492,14): warning C4553: '==': result of expression not used; did you intend '='?
C:\BTL_MYSQL\cppstudentdatabase\cppstudentdatabase\DSTHILAI.h(493,14): warning C4553: '==': result of expression not used; did you intend '='?
C:\BTL_MYSQL\cppstudentdatabase\cppstudentdatabase\DIEMHOCLAI.h(582,20): warning C4101: 'ex': unreferenced local variable
C:\BTL_MYSQL\cppstudentdatabase\cppstudentdatabase\DIEMHOCLAI.h(607,20): warning C4101: 'ex': unreferenced local variable
C:\BTL_MYSQL\cppstudentdatabase\cppstudentdatabase\DIEMHOCLAI.h(632,20): warning C4101: 'ex': unreferenced local variable
C:\BTL_MYSQL\cppstudentdatabase\cppstudentdatabase\DIEMHOCLAI.h(709,14): warning C4553: '==': result of expression not used; did you intend '='?
C:\BTL_MYSQL\cppstudentdatabase\cppstudentdatabase\DIEMHOCLAI.h(710,14): warning C4553: '==': result of expression not used; did you intend '='?
C:\BTL_MYSQL\cppstudentdatabase\cppstudentdatabase\MyForm2.h(549,20): warning C4101: 'ex': unreferenced local variable
  MyForm.obj : MSIL module encountered; incremental linking is disabled for MSIL; performing full link
  cppstudentdatabase.vcxproj -> C:\BTL_MYSQL\cppstudentdatabase\x64\Debug\cppstudentdatabase.exe
